Loading source files for package Control...
Constructing Javadoc information...
Building index for all the packages and classes...
Standard Doclet version 17.0.5+8-LTS
Building tree for all the packages and classes...
Generating doc\Control\Connect4Controller.html...
Generating doc\Control\Main.html...
Generating doc\Control\MenuController.html...
Generating doc\Control\PlayerName.html...
Generating doc\Control\TimerActionListener.html...
Generating doc\Control\Translator.html...
Generating doc\Control\package-summary.html...
Generating doc\Control\package-tree.html...
Generating doc\serialized-form.html...
Generating doc\overview-tree.html...
Building index for all classes...
Generating doc\allclasses-index.html...
Generating doc\allpackages-index.html...
Generating doc\index-all.html...
Generating doc\index.html...
Generating doc\help-doc.html...
