added manifest
adding: Control/(in = 0) (out= 0)(stored 0%)
adding: Control/Connect4Controller$1.class(in = 859) (out= 518)(deflated 39%)
adding: Control/Connect4Controller.class(in = 2571) (out= 1453)(deflated 43%)
adding: Control/Language.properties(in = 309) (out= 183)(deflated 40%)
adding: Control/Language_fr_FR.properties(in = 305) (out= 173)(deflated 43%)
adding: Control/Main.class(in = 2531) (out= 1469)(deflated 41%)
adding: Control/MenuController$1.class(in = 731) (out= 421)(deflated 42%)
adding: Control/MenuController$2.class(in = 638) (out= 394)(deflated 38%)
adding: Control/MenuController$3.class(in = 640) (out= 386)(deflated 39%)
adding: Control/MenuController$4.class(in = 639) (out= 385)(deflated 39%)
adding: Control/MenuController.class(in = 1956) (out= 1020)(deflated 47%)
adding: Control/PlayerName.class(in = 950) (out= 565)(deflated 40%)
adding: Control/TimerActionListener.class(in = 1074) (out= 609)(deflated 43%)
adding: Control/Translator$1.class(in = 803) (out= 477)(deflated 40%)
adding: Control/Translator.class(in = 1764) (out= 939)(deflated 46%)
adding: Model/(in = 0) (out= 0)(stored 0%)
adding: Model/Connect4.class(in = 1957) (out= 1141)(deflated 41%)
adding: View/(in = 0) (out= 0)(stored 0%)
adding: View/ChatHead$1.class(in = 1105) (out= 661)(deflated 40%)
adding: View/ChatHead.class(in = 1995) (out= 1133)(deflated 43%)
adding: View/GameInfoPanel$TimerActionListener.class(in = 1243) (out= 712)(deflated 42%)
adding: View/GameInfoPanel.class(in = 3024) (out= 1518)(deflated 49%)
adding: View/MenuPanel.class(in = 3730) (out= 1866)(deflated 49%)
adding: View/PlayArea.class(in = 1848) (out= 1104)(deflated 40%)
adding: View/TitleBar.class(in = 1154) (out= 705)(deflated 38%)
